2026-03-19T19:03:00Z | SESSION_START | — | Branch: main
2026-03-19T19:30:00Z | STEP_DONE | define | .planning/definition.md created
2026-03-19T19:40:00Z | SESSION_START | — | Branch: main
2026-03-19T19:42:00Z | STEP_DONE | spec | .planning/specs/behavior.md created
2026-03-19T19:42:00Z | METRIC | spec | step_duration: 2m 0s
2026-03-19T19:45:00Z | STEP_SKIPPED | test-plan | Developer chose to skip — no test framework configured
2026-03-19T19:47:00Z | SESSION_START | — | Branch: main
2026-03-19T19:48:00Z | STEP_DONE | tasks | .planning/tasks.md created
2026-03-19T19:48:00Z | METRIC | tasks | step_duration: 1m 0s
2026-03-19T19:50:00Z | STEP_DONE | build | All 10 tasks completed sequentially (3 waves)
2026-03-19T19:50:00Z | METRIC | build | step_duration: 2m 0s
2026-03-19T19:52:00Z | SESSION_START | — | Branch: main
2026-03-19T19:53:00Z | STEP_DONE | verify | .planning/verification/report.md created
2026-03-19T19:53:00Z | METRIC | verify | step_duration: 1m 0s
2026-03-19T19:55:00Z | SESSION_START | — | Branch: feat/sidebar-navigation-redesign
2026-03-19T19:56:00Z | STEP_DONE | ship | PR #3 created: https://github.com/renato-dransay/typesense-dashboard/pull/3
2026-03-19T19:58:00Z | SESSION_START | — | Branch: feat/sidebar-navigation-redesign
2026-03-19T19:59:00Z | STEP_DONE | archive | Full archive — .planning/ cleaned, no marketplace-docs promotion (not configured)
2026-03-19T20:15:00Z | SESSION_START | — | Branch: feat/sidebar-navigation-redesign
2026-03-19T20:20:00Z | STEP_DONE | define | .planning/definition.md created
2026-03-19T20:20:00Z | METRIC | define | step_duration: 5m 0s
2026-03-19T20:25:00Z | SESSION_START | — | Branch: feat/sidebar-navigation-redesign
2026-03-19T20:35:00Z | STEP_DONE | spec | .planning/specs/behavior.md created
2026-03-19T20:35:00Z | METRIC | spec | step_duration: 10m 0s
2026-03-19T20:36:00Z | STEP_SKIPPED | test-plan | Developer chose to skip — no test framework configured
2026-03-19T20:42:00Z | STEP_DONE | tasks | .planning/tasks.md created
2026-03-19T20:42:00Z | METRIC | tasks | step_duration: 6m 0s
2026-03-19T20:45:00Z | SESSION_START | — | Branch: feat/sidebar-navigation-redesign
2026-03-19T20:47:00Z | METRIC | build | group_duration: Foundation — 1m 0s
2026-03-19T20:49:00Z | METRIC | build | group_duration: Group 1 — 0m 34s
2026-03-19T20:49:00Z | METRIC | build | group_duration: Group 2 — 1m 42s
2026-03-19T20:49:00Z | METRIC | build | group_duration: Group 3 — 1m 14s
2026-03-19T20:49:00Z | METRIC | build | wave_duration: Wave 2 — 1m 42s (3 groups parallel)
2026-03-19T20:52:00Z | METRIC | build | group_duration: Group 4 — 3m 0s
2026-03-19T20:52:00Z | METRIC | build | wave_duration: Wave 3 — 3m 0s (1 group)
2026-03-19T20:55:00Z | METRIC | build | group_duration: Group 5 — 2m 54s
2026-03-19T20:55:00Z | METRIC | build | wave_duration: Wave 4 — 2m 54s (1 group)
2026-03-19T20:55:00Z | METRIC | build | dispatch_total: 8m 36s (4 waves, 6 groups)
2026-03-19T20:55:00Z | STEP_DONE | build | All task groups completed via parallel dispatch (4 waves, 6 groups)
2026-03-19T20:56:00Z | SESSION_START | — | Branch: feat/sidebar-navigation-redesign
2026-03-19T20:57:00Z | STEP_DONE | verify | .planning/verification/report.md created
2026-03-19T20:57:00Z | METRIC | verify | step_duration: 1m 0s
2026-03-19T20:58:00Z | SESSION_START | — | Branch: feat/sidebar-navigation-redesign
2026-03-19T22:51:19Z | SESSION_START | — | Branch: feat/sidebar-navigation-redesign
